{"name": "test_products_group", "status": "skipped", "statusDetails": {"message": "XFAIL Wait for fix bug\n\nselenium.common.exceptions.ElementClickInterceptedException: Message: element click intercepted: Element <a href=\"https://testqastudio.me?products_group=sale\" class=\"tab-sale \">...</a> is not clickable at point (549, 568). Other element would receive the click: <div class=\"catalog-toolbar-tabs__content\">...</div>\n  (Session info: chrome=123.0.6312.86)\nStacktrace:\n\tGetHandleVerifier [0x00007FF6A42970C2+63090]\n\t(No symbol) [0x00007FF6A4202D12]\n\t(No symbol) [0x00007FF6A409EC65]\n\t(No symbol) [0x00007FF6A40EBB34]\n\t(No symbol) [0x00007FF6A40E9954]\n\t(No symbol) [0x00007FF6A40E7164]\n\t(No symbol) [0x00007FF6A40E5EF9]\n\t(No symbol) [0x00007FF6A40DA708]\n\t(No symbol) [0x00007FF6A4106FDA]\n\t(No symbol) [0x00007FF6A40DA00A]\n\t(No symbol) [0x00007FF6A41071F0]\n\t(No symbol) [0x00007FF6A4123412]\n\t(No symbol) [0x00007FF6A4106D83]\n\t(No symbol) [0x00007FF6A40D83A8]\n\t(No symbol) [0x00007FF6A40D9441]\n\tGetHandleVerifier [0x00007FF6A469262D+4238301]\n\tGetHandleVerifier [0x00007FF6A46CF78D+4488509]\n\tGetHandleVerifier [0x00007FF6A46C7A6F+4456479]\n\tGetHandleVerifier [0x00007FF6A4370606+953270]\n\t(No symbol) [0x00007FF6A420E5DF]\n\t(No symbol) [0x00007FF6A42092B4]\n\t(No symbol) [0x00007FF6A42093EB]\n\t(No symbol) [0x00007FF6A41F9C24]\n\tBaseThreadInitThunk [0x00007FFA4B3D7344+20]\n\tRtlUserThreadStart [0x00007FFA4BAC26B1+33]", "trace": "test_shop.py:48: in test_products_group\n    element.click()\n        browser    = <selenium.webdriver.chrome.webdriver.WebDriver (session=\"4e9e0ca06f67f0f75b3a804ec72c9073\")>\n        element    = <selenium.webdriver.remote.webelement.WebElement (session=\"4e9e0ca06f67f0f75b3a804ec72c9073\", element=\"f.F2A274609D7702BDDADA552BE704DD14.d.9CF22C7A167EFBE3A8EE07E50504E200.e.237\")>\n        elements   = [<selenium.webdriver.remote.webelement.WebElement (session=\"4e9e0ca06f67f0f75b3a804ec72c9073\", element=\"f.F2A274609D77...0ca06f67f0f75b3a804ec72c9073\", element=\"f.F2A274609D7702BDDADA552BE704DD14.d.B7D6CF3040B444206275BED0B0990FDE.e.100\")>]\n        expected_menu = [('Все', '', \"[class='tab-all active']\"), ('Бестселлеры', '/?products_group=best_sellers', \"[class='tab-best_sellers '... '/?products_group=new', \"[class='tab-new ']\"), ('Распродажа товаров', '/?products_group=sale', \"[class='tab-sale ']\")]\n        item       = ('Распродажа товаров', '/?products_group=sale', \"[class='tab-sale ']\")\n        menu_element = \"[class='catalog-toolbar-tabs__content'] a\"\nC:\\Python312\\Lib\\site-packages\\selenium\\webdriver\\remote\\webelement.py:94: in click\n    self._execute(Command.CLICK_ELEMENT)\n        self       = <selenium.webdriver.remote.webelement.WebElement (session=\"4e9e0ca06f67f0f75b3a804ec72c9073\", element=\"f.F2A274609D7702BDDADA552BE704DD14.d.9CF22C7A167EFBE3A8EE07E50504E200.e.237\")>\nC:\\Python312\\Lib\\site-packages\\selenium\\webdriver\\remote\\webelement.py:395: in _execute\n    return self._parent.execute(command, params)\n        command    = 'clickElement'\n        params     = {'id': 'f.F2A274609D7702BDDADA552BE704DD14.d.9CF22C7A167EFBE3A8EE07E50504E200.e.237'}\n        self       = <selenium.webdriver.remote.webelement.WebElement (session=\"4e9e0ca06f67f0f75b3a804ec72c9073\", element=\"f.F2A274609D7702BDDADA552BE704DD14.d.9CF22C7A167EFBE3A8EE07E50504E200.e.237\")>\nC:\\Python312\\Lib\\site-packages\\selenium\\webdriver\\remote\\webdriver.py:347: in execute\n    self.error_handler.check_response(response)\n        driver_command = 'clickElement'\n        params     = {}\n        response   = {'status': 400, 'value': '{\"value\":{\"error\":\"element click intercepted\",\"message\":\"element click intercepted: Element ...07FF6A41F9C24]\\\\n\\\\tBaseThreadInitThunk [0x00007FFA4B3D7344+20]\\\\n\\\\tRtlUserThreadStart [0x00007FFA4BAC26B1+33]\\\\n\"}}'}\n        self       = <selenium.webdriver.chrome.webdriver.WebDriver (session=\"4e9e0ca06f67f0f75b3a804ec72c9073\")>\nC:\\Python312\\Lib\\site-packages\\selenium\\webdriver\\remote\\errorhandler.py:229: in check_response\n    raise exception_class(message, screen, stacktrace)\nE   selenium.common.exceptions.ElementClickInterceptedException: Message: element click intercepted: Element <a href=\"https://testqastudio.me?products_group=sale\" class=\"tab-sale \">...</a> is not clickable at point (549, 568). Other element would receive the click: <div class=\"catalog-toolbar-tabs__content\">...</div>\nE     (Session info: chrome=123.0.6312.86)\nE   Stacktrace:\nE   \tGetHandleVerifier [0x00007FF6A42970C2+63090]\nE   \t(No symbol) [0x00007FF6A4202D12]\nE   \t(No symbol) [0x00007FF6A409EC65]\nE   \t(No symbol) [0x00007FF6A40EBB34]\nE   \t(No symbol) [0x00007FF6A40E9954]\nE   \t(No symbol) [0x00007FF6A40E7164]\nE   \t(No symbol) [0x00007FF6A40E5EF9]\nE   \t(No symbol) [0x00007FF6A40DA708]\nE   \t(No symbol) [0x00007FF6A4106FDA]\nE   \t(No symbol) [0x00007FF6A40DA00A]\nE   \t(No symbol) [0x00007FF6A41071F0]\nE   \t(No symbol) [0x00007FF6A4123412]\nE   \t(No symbol) [0x00007FF6A4106D83]\nE   \t(No symbol) [0x00007FF6A40D83A8]\nE   \t(No symbol) [0x00007FF6A40D9441]\nE   \tGetHandleVerifier [0x00007FF6A469262D+4238301]\nE   \tGetHandleVerifier [0x00007FF6A46CF78D+4488509]\nE   \tGetHandleVerifier [0x00007FF6A46C7A6F+4456479]\nE   \tGetHandleVerifier [0x00007FF6A4370606+953270]\nE   \t(No symbol) [0x00007FF6A420E5DF]\nE   \t(No symbol) [0x00007FF6A42092B4]\nE   \t(No symbol) [0x00007FF6A42093EB]\nE   \t(No symbol) [0x00007FF6A41F9C24]\nE   \tBaseThreadInitThunk [0x00007FFA4B3D7344+20]\nE   \tRtlUserThreadStart [0x00007FFA4BAC26B1+33]\n        e          = <selenium.webdriver.remote.errorhandler.ErrorCode object at 0x00000212ED322780>\n        error_code = 'ELEMENT_CLICK_INTERCEPTED'\n        error_codes = ['ELEMENT_CLICK_INTERCEPTED', 'ELEMENT_IS_NOT_SELECTABLE', 'ELEMENT_NOT_INTERACTABLE', 'ELEMENT_NOT_VISIBLE', 'IME_ENGINE_ACTIVATION_FAILED', 'IME_NOT_AVAILABLE', ...]\n        error_info = [64, 'element click intercepted']\n        exception_class = <class 'selenium.common.exceptions.ElementClickInterceptedException'>\n        json       = <module 'json' from 'C:\\\\Python312\\\\Lib\\\\json\\\\__init__.py'>\n        message    = 'element click intercepted: Element <a href=\"https://testqastudio.me?products_group=sale\" class=\"tab-sale \">...</a> is... would receive the click: <div class=\"catalog-toolbar-tabs__content\">...</div>\\n  (Session info: chrome=123.0.6312.86)'\n        response   = {'status': 400, 'value': '{\"value\":{\"error\":\"element click intercepted\",\"message\":\"element click intercepted: Element ...07FF6A41F9C24]\\\\n\\\\tBaseThreadInitThunk [0x00007FFA4B3D7344+20]\\\\n\\\\tRtlUserThreadStart [0x00007FFA4BAC26B1+33]\\\\n\"}}'}\n        screen     = None\n        self       = <selenium.webdriver.remote.errorhandler.ErrorHandler object at 0x00000212ED2A59A0>\n        st_value   = '\\tGetHandleVerifier [0x00007FF6A42970C2+63090]\\n\\t(No symbol) [0x00007FF6A4202D12]\\n\\t(No symbol) [0x00007FF6A409EC65...l) [0x00007FF6A41F9C24]\\n\\tBaseThreadInitThunk [0x00007FFA4B3D7344+20]\\n\\tRtlUserThreadStart [0x00007FFA4BAC26B1+33]\\n'\n        stacktrace = ['\\tGetHandleVerifier [0x00007FF6A42970C2+63090]', '\\t(No symbol) [0x00007FF6A4202D12]', '\\t(No symbol) [0x00007FF6A40... '\\t(No symbol) [0x00007FF6A40EBB34]', '\\t(No symbol) [0x00007FF6A40E9954]', '\\t(No symbol) [0x00007FF6A40E7164]', ...]\n        status     = 'element click intercepted'\n        value      = {'error': 'element click intercepted', 'message': 'element click intercepted: Element <a href=\"https://testqastudio.me...) [0x00007FF6A41F9C24]\\n\\tBaseThreadInitThunk [0x00007FFA4B3D7344+20]\\n\\tRtlUserThreadStart [0x00007FFA4BAC26B1+33]\\n'}\n        value_json = '{\"value\":{\"error\":\"element click intercepted\",\"message\":\"element click intercepted: Element \\\\u003Ca href=\\\\\"https://...007FF6A41F9C24]\\\\n\\\\tBaseThreadInitThunk [0x00007FFA4B3D7344+20]\\\\n\\\\tRtlUserThreadStart [0x00007FFA4BAC26B1+33]\\\\n\"}}'"}, "description": "\n    Test case TC-2\n    ", "start": 1712068833123, "stop": 1712068842475, "uuid": "309e9c9b-13f2-497b-bb44-2bf143044cc1", "historyId": "661b4d561aa9283d092c863c736f17f8", "testCaseId": "661b4d561aa9283d092c863c736f17f8", "fullName": "test_shop#test_products_group", "labels": [{"name": "tag", "value": "@pytest.mark.xfail(reason='Wait for fix bug')"}, {"name": "suite", "value": "test_shop"}, {"name": "host", "value": "AL"}, {"name": "thread", "value": "10744-MainThread"}, {"name": "framework", "value": "pytest"}, {"name": "language", "value": "cpython3"}, {"name": "package", "value": "test_shop"}]}