{"name": "test_products_group", "status": "skipped", "statusDetails": {"message": "XFAIL Wait for fix bug\n\nselenium.common.exceptions.ElementClickInterceptedException: Message: element click intercepted: Element <a href=\"https://testqastudio.me?products_group=sale\" class=\"tab-sale \">...</a> is not clickable at point (549, 568). Other element would receive the click: <div class=\"catalog-toolbar-tabs__content\">...</div>\n  (Session info: chrome=123.0.6312.86)\nStacktrace:\n\tGetHandleVerifier [0x00007FF67B4070C2+63090]\n\t(No symbol) [0x00007FF67B372D12]\n\t(No symbol) [0x00007FF67B20EC65]\n\t(No symbol) [0x00007FF67B25BB34]\n\t(No symbol) [0x00007FF67B259954]\n\t(No symbol) [0x00007FF67B257164]\n\t(No symbol) [0x00007FF67B255EF9]\n\t(No symbol) [0x00007FF67B24A708]\n\t(No symbol) [0x00007FF67B276FDA]\n\t(No symbol) [0x00007FF67B24A00A]\n\t(No symbol) [0x00007FF67B2771F0]\n\t(No symbol) [0x00007FF67B293412]\n\t(No symbol) [0x00007FF67B276D83]\n\t(No symbol) [0x00007FF67B2483A8]\n\t(No symbol) [0x00007FF67B249441]\n\tGetHandleVerifier [0x00007FF67B80262D+4238301]\n\tGetHandleVerifier [0x00007FF67B83F78D+4488509]\n\tGetHandleVerifier [0x00007FF67B837A6F+4456479]\n\tGetHandleVerifier [0x00007FF67B4E0606+953270]\n\t(No symbol) [0x00007FF67B37E5DF]\n\t(No symbol) [0x00007FF67B3792B4]\n\t(No symbol) [0x00007FF67B3793EB]\n\t(No symbol) [0x00007FF67B369C24]\n\tBaseThreadInitThunk [0x00007FFA4B3D7344+20]\n\tRtlUserThreadStart [0x00007FFA4BAC26B1+33]", "trace": "test_shop.py:48: in test_products_group\n    element.click()\n        browser    = <selenium.webdriver.chrome.webdriver.WebDriver (session=\"c35ac93a3310d3c4b5a2c1f11e8baacc\")>\n        element    = <selenium.webdriver.remote.webelement.WebElement (session=\"c35ac93a3310d3c4b5a2c1f11e8baacc\", element=\"f.EADBBEC468020FB9415D7640F41F105D.d.2E668ACCB3B893CEA85518BAFA337242.e.211\")>\n        elements   = [<selenium.webdriver.remote.webelement.WebElement (session=\"c35ac93a3310d3c4b5a2c1f11e8baacc\", element=\"f.EADBBEC46802...ac93a3310d3c4b5a2c1f11e8baacc\", element=\"f.EADBBEC468020FB9415D7640F41F105D.d.BCB4BA6E5CDC3CAFB380292DAE8C8F4E.e.96\")>]\n        expected_menu = [('Все', '', \"[class='tab-all active']\"), ('Бестселлеры', '/?products_group=best_sellers', \"[class='tab-best_sellers '... '/?products_group=new', \"[class='tab-new ']\"), ('Распродажа товаров', '/?products_group=sale', \"[class='tab-sale ']\")]\n        item       = ('Распродажа товаров', '/?products_group=sale', \"[class='tab-sale ']\")\n        menu_element = \"[class='catalog-toolbar-tabs__content'] a\"\nC:\\Python312\\Lib\\site-packages\\selenium\\webdriver\\remote\\webelement.py:94: in click\n    self._execute(Command.CLICK_ELEMENT)\n        self       = <selenium.webdriver.remote.webelement.WebElement (session=\"c35ac93a3310d3c4b5a2c1f11e8baacc\", element=\"f.EADBBEC468020FB9415D7640F41F105D.d.2E668ACCB3B893CEA85518BAFA337242.e.211\")>\nC:\\Python312\\Lib\\site-packages\\selenium\\webdriver\\remote\\webelement.py:395: in _execute\n    return self._parent.execute(command, params)\n        command    = 'clickElement'\n        params     = {'id': 'f.EADBBEC468020FB9415D7640F41F105D.d.2E668ACCB3B893CEA85518BAFA337242.e.211'}\n        self       = <selenium.webdriver.remote.webelement.WebElement (session=\"c35ac93a3310d3c4b5a2c1f11e8baacc\", element=\"f.EADBBEC468020FB9415D7640F41F105D.d.2E668ACCB3B893CEA85518BAFA337242.e.211\")>\nC:\\Python312\\Lib\\site-packages\\selenium\\webdriver\\remote\\webdriver.py:347: in execute\n    self.error_handler.check_response(response)\n        driver_command = 'clickElement'\n        params     = {}\n        response   = {'status': 400, 'value': '{\"value\":{\"error\":\"element click intercepted\",\"message\":\"element click intercepted: Element ...07FF67B369C24]\\\\n\\\\tBaseThreadInitThunk [0x00007FFA4B3D7344+20]\\\\n\\\\tRtlUserThreadStart [0x00007FFA4BAC26B1+33]\\\\n\"}}'}\n        self       = <selenium.webdriver.chrome.webdriver.WebDriver (session=\"c35ac93a3310d3c4b5a2c1f11e8baacc\")>\nC:\\Python312\\Lib\\site-packages\\selenium\\webdriver\\remote\\errorhandler.py:229: in check_response\n    raise exception_class(message, screen, stacktrace)\nE   selenium.common.exceptions.ElementClickInterceptedException: Message: element click intercepted: Element <a href=\"https://testqastudio.me?products_group=sale\" class=\"tab-sale \">...</a> is not clickable at point (549, 568). Other element would receive the click: <div class=\"catalog-toolbar-tabs__content\">...</div>\nE     (Session info: chrome=123.0.6312.86)\nE   Stacktrace:\nE   \tGetHandleVerifier [0x00007FF67B4070C2+63090]\nE   \t(No symbol) [0x00007FF67B372D12]\nE   \t(No symbol) [0x00007FF67B20EC65]\nE   \t(No symbol) [0x00007FF67B25BB34]\nE   \t(No symbol) [0x00007FF67B259954]\nE   \t(No symbol) [0x00007FF67B257164]\nE   \t(No symbol) [0x00007FF67B255EF9]\nE   \t(No symbol) [0x00007FF67B24A708]\nE   \t(No symbol) [0x00007FF67B276FDA]\nE   \t(No symbol) [0x00007FF67B24A00A]\nE   \t(No symbol) [0x00007FF67B2771F0]\nE   \t(No symbol) [0x00007FF67B293412]\nE   \t(No symbol) [0x00007FF67B276D83]\nE   \t(No symbol) [0x00007FF67B2483A8]\nE   \t(No symbol) [0x00007FF67B249441]\nE   \tGetHandleVerifier [0x00007FF67B80262D+4238301]\nE   \tGetHandleVerifier [0x00007FF67B83F78D+4488509]\nE   \tGetHandleVerifier [0x00007FF67B837A6F+4456479]\nE   \tGetHandleVerifier [0x00007FF67B4E0606+953270]\nE   \t(No symbol) [0x00007FF67B37E5DF]\nE   \t(No symbol) [0x00007FF67B3792B4]\nE   \t(No symbol) [0x00007FF67B3793EB]\nE   \t(No symbol) [0x00007FF67B369C24]\nE   \tBaseThreadInitThunk [0x00007FFA4B3D7344+20]\nE   \tRtlUserThreadStart [0x00007FFA4BAC26B1+33]\n        e          = <selenium.webdriver.remote.errorhandler.ErrorCode object at 0x000001985D3B25A0>\n        error_code = 'ELEMENT_CLICK_INTERCEPTED'\n        error_codes = ['ELEMENT_CLICK_INTERCEPTED', 'ELEMENT_IS_NOT_SELECTABLE', 'ELEMENT_NOT_INTERACTABLE', 'ELEMENT_NOT_VISIBLE', 'IME_ENGINE_ACTIVATION_FAILED', 'IME_NOT_AVAILABLE', ...]\n        error_info = [64, 'element click intercepted']\n        exception_class = <class 'selenium.common.exceptions.ElementClickInterceptedException'>\n        json       = <module 'json' from 'C:\\\\Python312\\\\Lib\\\\json\\\\__init__.py'>\n        message    = 'element click intercepted: Element <a href=\"https://testqastudio.me?products_group=sale\" class=\"tab-sale \">...</a> is... would receive the click: <div class=\"catalog-toolbar-tabs__content\">...</div>\\n  (Session info: chrome=123.0.6312.86)'\n        response   = {'status': 400, 'value': '{\"value\":{\"error\":\"element click intercepted\",\"message\":\"element click intercepted: Element ...07FF67B369C24]\\\\n\\\\tBaseThreadInitThunk [0x00007FFA4B3D7344+20]\\\\n\\\\tRtlUserThreadStart [0x00007FFA4BAC26B1+33]\\\\n\"}}'}\n        screen     = None\n        self       = <selenium.webdriver.remote.errorhandler.ErrorHandler object at 0x000001985D335190>\n        st_value   = '\\tGetHandleVerifier [0x00007FF67B4070C2+63090]\\n\\t(No symbol) [0x00007FF67B372D12]\\n\\t(No symbol) [0x00007FF67B20EC65...l) [0x00007FF67B369C24]\\n\\tBaseThreadInitThunk [0x00007FFA4B3D7344+20]\\n\\tRtlUserThreadStart [0x00007FFA4BAC26B1+33]\\n'\n        stacktrace = ['\\tGetHandleVerifier [0x00007FF67B4070C2+63090]', '\\t(No symbol) [0x00007FF67B372D12]', '\\t(No symbol) [0x00007FF67B2... '\\t(No symbol) [0x00007FF67B25BB34]', '\\t(No symbol) [0x00007FF67B259954]', '\\t(No symbol) [0x00007FF67B257164]', ...]\n        status     = 'element click intercepted'\n        value      = {'error': 'element click intercepted', 'message': 'element click intercepted: Element <a href=\"https://testqastudio.me...) [0x00007FF67B369C24]\\n\\tBaseThreadInitThunk [0x00007FFA4B3D7344+20]\\n\\tRtlUserThreadStart [0x00007FFA4BAC26B1+33]\\n'}\n        value_json = '{\"value\":{\"error\":\"element click intercepted\",\"message\":\"element click intercepted: Element \\\\u003Ca href=\\\\\"https://...007FF67B369C24]\\\\n\\\\tBaseThreadInitThunk [0x00007FFA4B3D7344+20]\\\\n\\\\tRtlUserThreadStart [0x00007FFA4BAC26B1+33]\\\\n\"}}'"}, "description": "\n    Test case TC-2\n    ", "start": 1712064812420, "stop": 1712064821162, "uuid": "de1dc987-581f-4381-a958-2d62add5a74b", "historyId": "661b4d561aa9283d092c863c736f17f8", "testCaseId": "661b4d561aa9283d092c863c736f17f8", "fullName": "test_shop#test_products_group", "labels": [{"name": "tag", "value": "@pytest.mark.xfail(reason='Wait for fix bug')"}, {"name": "suite", "value": "test_shop"}, {"name": "host", "value": "AL"}, {"name": "thread", "value": "484-MainThread"}, {"name": "framework", "value": "pytest"}, {"name": "language", "value": "cpython3"}, {"name": "package", "value": "test_shop"}]}